#
# A fatal error has been detected by the Java Runtime Environment:
#
#  EXCEPTION_ACCESS_VIOLATION (0xc0000005) at pc=0x77dfde5c, pid=15320, tid=2144
#
# JRE version: OpenJDK Runtime Environment (8.0_41-b04) (build 1.8.0_41-b04)
# Java VM: OpenJDK Client VM (25.40-b25 mixed mode windows-x86 )
# Problematic frame:
# C  [ntdll.dll+0x4de5c]
#
# Failed to write core dump. Minidumps are not enabled by default on client versions of Windows
#
# If you would like to submit a bug report, please visit:
#   http://bugreport.java.com/bugreport/crash.jsp
# The crash happened outside the Java Virtual Machine in native code.
# See problematic frame for where to report the bug.
#

---------------  T H R E A D  ---------------

Current thread (0x1b3eb800):  JavaThread "Thread-3" [_thread_in_native, id=2144, stack(0x1d840000,0x1d890000)]

siginfo: ExceptionCode=0xc0000005, reading address 0xbc996a2e

Registers:
EAX=0x1b98fee8, EBX=0x1b98fee0, ECX=0x1b98cbb0, EDX=0xbc996a2e
ESP=0x1d88e9d0, EBP=0x1d88eb50, ESI=0x1b8e0258, EDI=0x1b8e0000
EIP=0x77dfde5c, EFLAGS=0x00010297

Top of Stack: (sp=0x1d88e9d0)
0x1d88e9d0:   e89f17a3 0000035a 00000368 1b8e0000
0x1d88e9e0:   00000000 00000000 00000000 00000000
0x1d88e9f0:   06000006 00000000 c40001c5 00000000
0x1d88ea00:   00000000 00000000 00000000 00000000
0x1d88ea10:   06000006 00000000 c40001c5 00000000
0x1d88ea20:   00000000 00000000 00000000 00000000
0x1d88ea30:   00000000 00000000 00000000 00000000
0x1d88ea40:   00000000 0000001a fffffe5b 00000020 

Instructions: (pc=0x77dfde5c)
0x77dfde3c:   41 f8 66 89 85 6e ff ff ff 0f b7 c0 3b d0 76 0a
0x77dfde4c:   8b 09 8d 87 c0 00 00 00 eb aa 8d 43 08 8b 51 04
0x77dfde5c:   8b 32 3b f1 75 0c 89 08 89 50 04 89 02 89 41 04
0x77dfde6c:   eb 10 6a 00 56 6a 00 51 33 d2 8d 4a 0d e8 9a de 


Register to memory mapping:

EAX=0x1b98fee8 is an unknown value
EBX=0x1b98fee0 is an unknown value
ECX=0x1b98cbb0 is an unknown value
EDX=0xbc996a2e is an unknown value
ESP=0x1d88e9d0 is pointing into the stack for thread: 0x1b3eb800
EBP=0x1d88eb50 is pointing into the stack for thread: 0x1b3eb800
ESI=0x1b8e0258 is an unknown value
EDI=0x1b8e0000 is an unknown value


Stack: [0x1d840000,0x1d890000],  sp=0x1d88e9d0,  free space=314k
Native frames: (J=compiled Java code, j=interpreted, Vv=VM code, C=native code)
C  [ntdll.dll+0x4de5c]
C  [ntdll.dll+0x4cb52]
C  [ntdll.dll+0x4bb4e]
C  [freetype.dll+0x46051]

Java frames: (J=compiled Java code, j=interpreted, Vv=VM code)
j  sun.font.FreetypeFontScaler.getGlyphMetricsNative(Lsun/font/Font2D;JJILjava/awt/geom/Point2D$Float;)V+0
j  sun.font.FreetypeFontScaler.getGlyphMetrics(JILjava/awt/geom/Point2D$Float;)V+28
j  sun.font.FileFont.getGlyphMetrics(JILjava/awt/geom/Point2D$Float;)V+8
j  sun.font.FileFontStrike.getGlyphMetrics(IZ)Ljava/awt/geom/Point2D$Float;+201
j  sun.font.FileFontStrike.getGlyphAdvance(IZ)F+221
j  sun.font.FileFontStrike.getGlyphImageFromWindows(I)J+80
j  sun.font.FileFontStrike.getGlyphImageFromNative(I)J+8
j  sun.font.FileFontStrike.getGlyphImagePtr(I)J+35
j  sun.font.FileFontStrike.getGlyphAdvance(IZ)F+240
j  sun.font.FileFontStrike.getGlyphAdvance(I)F+3
j  sun.font.CompositeStrike.getGlyphAdvance(I)F+11
j  sun.font.CompositeStrike.getCodePointAdvance(I)F+12
J 194 C1 sun.font.FontDesignMetrics.getLatinCharWidth(C)F (29 bytes) @ 0x02bb4390 [0x02bb4330+0x60]
j  sun.font.FontDesignMetrics.charsWidth([CII)I+121
j  javax.swing.text.Utilities.getTabbedTextWidth(Ljavax/swing/text/View;Ljavax/swing/text/Segment;Ljava/awt/FontMetrics;ILjavax/swing/text/TabExpander;I[I)I+304
j  javax.swing.text.Utilities.getTabbedTextWidth(Ljavax/swing/text/Segment;Ljava/awt/FontMetrics;ILjavax/swing/text/TabExpander;I)I+8
j  javax.swing.text.PlainView.getLineWidth(Ljavax/swing/text/Element;)I+54
j  javax.swing.text.PlainView.updateDamage(Ljavax/swing/event/DocumentEvent;Ljava/awt/Shape;Ljavax/swing/text/ViewFactory;)V+94
j  javax.swing.text.PlainView.insertUpdate(Ljavax/swing/event/DocumentEvent;Ljava/awt/Shape;Ljavax/swing/text/ViewFactory;)V+4
j  javax.swing.plaf.basic.BasicTextUI$RootView.insertUpdate(Ljavax/swing/event/DocumentEvent;Ljava/awt/Shape;Ljavax/swing/text/ViewFactory;)V+14
j  javax.swing.plaf.basic.BasicTextUI$UpdateHandler.insertUpdate(Ljavax/swing/event/DocumentEvent;)V+101
j  javax.swing.text.AbstractDocument.fireInsertUpdate(Ljavax/swing/event/DocumentEvent;)V+39
j  javax.swing.text.AbstractDocument.handleInsertString(ILjava/lang/String;Ljavax/swing/text/AttributeSet;)V+150
j  javax.swing.text.AbstractDocument.insertString(ILjava/lang/String;Ljavax/swing/text/AttributeSet;)V+46
j  javax.swing.text.PlainDocument.insertString(ILjava/lang/String;Ljavax/swing/text/AttributeSet;)V+104
j  javax.swing.JTextArea.append(Ljava/lang/String;)V+18
j  sockets.ThreadAtendimento.run()V+48
j  java.lang.Thread.run()V+11
v  ~StubRoutines::call_stub

---------------  P R O C E S S  ---------------

Java Threads: ( => current thread )
=>0x1b3eb800 JavaThread "Thread-3" [_thread_in_native, id=2144, stack(0x1d840000,0x1d890000)]
  0x1b359c00 JavaThread "Thread-2" [_thread_in_native, id=49912, stack(0x1d7b0000,0x1d800000)]
  0x1b399800 JavaThread "TimerQueue" daemon [_thread_blocked, id=37856, stack(0x1ce00000,0x1ce50000)]
  0x1b36c400 JavaThread "D3D Screen Updater" daemon [_thread_blocked, id=41128, stack(0x1c060000,0x1c0b0000)]
  0x02aac000 JavaThread "DestroyJavaVM" [_thread_blocked, id=45948, stack(0x01110000,0x01160000)]
  0x1b352400 JavaThread "AWT-EventQueue-0" [_thread_in_native, id=40188, stack(0x1b9f0000,0x1ba40000)]
  0x152f7800 JavaThread "AWT-Windows" daemon [_thread_in_native, id=34164, stack(0x15a20000,0x15a70000)]
  0x152cb000 JavaThread "AWT-Shutdown" [_thread_blocked, id=42068, stack(0x15990000,0x159e0000)]
  0x152ca400 JavaThread "Java2D Disposer" daemon [_thread_blocked, id=34296, stack(0x15900000,0x15950000)]
  0x15193000 JavaThread "Service Thread" daemon [_thread_blocked, id=37784, stack(0x15660000,0x156b0000)]
  0x15188000 JavaThread "C1 CompilerThread0" daemon [_thread_blocked, id=40420, stack(0x155d0000,0x15620000)]
  0x15187000 JavaThread "Attach Listener" daemon [_thread_blocked, id=50680, stack(0x15540000,0x15590000)]
  0x15185000 JavaThread "Signal Dispatcher" daemon [_thread_blocked, id=49076, stack(0x154b0000,0x15500000)]
  0x15150c00 JavaThread "Finalizer" daemon [_thread_blocked, id=36728, stack(0x15420000,0x15470000)]
  0x02a7e400 JavaThread "Reference Handler" daemon [_thread_blocked, id=32712, stack(0x15390000,0x153e0000)]

Other Threads:
  0x02a7ac00 VMThread [stack: 0x15100000,0x15150000] [id=31112]
  0x15198c00 WatcherThread [stack: 0x156f0000,0x15740000] [id=43900]

VM state:not at safepoint (normal execution)

VM Mutex/Monitor currently owned by a thread: None

Heap:
 def new generation   total 4928K, used 1172K [0x04c00000, 0x05150000, 0x0a150000)
  eden space 4416K,  14% used [0x04c00000, 0x04ca5230, 0x05050000)
  from space 512K, 100% used [0x050d0000, 0x05150000, 0x05150000)
  to   space 512K,   0% used [0x05050000, 0x05050000, 0x050d0000)
 tenured generation   total 10944K, used 977K [0x0a150000, 0x0ac00000, 0x14c00000)
   the space 10944K,   8% used [0x0a150000, 0x0a244690, 0x0a244800, 0x0ac00000)
 Metaspace       used 7013K, capacity 7208K, committed 7296K, reserved 7552K

Card table byte_map: [0x04b50000,0x04be0000] byte_map_base: 0x04b2a000

Polling page: 0x011a0000

CodeCache: size=32768Kb used=980Kb max_used=980Kb free=31787Kb
 bounds [0x02ad0000, 0x02bc8000, 0x04ad0000]
 total_blobs=492 nmethods=270 adapters=154
 compilation: enabled

Compilation events (10 events):
Event: 18.314 Thread 0x15188000  268             java.lang.Boolean::booleanValue (5 bytes)
Event: 18.314 Thread 0x15188000 nmethod 268 0x02bc4988 code [0x02bc4a80, 0x02bc4b00]
Event: 18.314 Thread 0x15188000  269             sun.awt.SunToolkit::flushPendingEvents (19 bytes)
Event: 18.314 Thread 0x15188000 nmethod 269 0x02bc4b48 code [0x02bc4c60, 0x02bc4d38]
Event: 18.462 Thread 0x15188000  270             java.awt.geom.Point2D::<init> (5 bytes)
Event: 18.462 Thread 0x15188000 nmethod 270 0x02bc4e08 code [0x02bc4f00, 0x02bc4f80]
Event: 18.534 Thread 0x15188000  271             sun.java2d.SurfaceData::isSurfaceLost (5 bytes)
Event: 18.534 Thread 0x15188000 nmethod 271 0x02bc4fc8 code [0x02bc50c0, 0x02bc5140]
Event: 18.536 Thread 0x15188000  272             java.util.AbstractCollection::<init> (5 bytes)
Event: 18.536 Thread 0x15188000 nmethod 272 0x02bc5188 code [0x02bc5280, 0x02bc5300]

GC Heap History (2 events):
Event: 9.475 GC heap before
{Heap before GC invocations=0 (full 0):
 def new generation   total 4928K, used 4416K [0x04c00000, 0x05150000, 0x0a150000)
  eden space 4416K, 100% used [0x04c00000, 0x05050000, 0x05050000)
  from space 512K,   0% used [0x05050000, 0x05050000, 0x050d0000)
  to   space 512K,   0% used [0x050d0000, 0x050d0000, 0x05150000)
 tenured generation   total 10944K, used 0K [0x0a150000, 0x0ac00000, 0x14c00000)
   the space 10944K,   0% used [0x0a150000, 0x0a150000, 0x0a150200, 0x0ac00000)
 Metaspace       used 6730K, capacity 6920K, committed 7040K, reserved 7552K
Event: 9.479 GC heap after
Heap after GC invocations=1 (full 0):
 def new generation   total 4928K, used 512K [0x04c00000, 0x05150000, 0x0a150000)
  eden space 4416K,   0% used [0x04c00000, 0x04c00000, 0x05050000)
  from space 512K, 100% used [0x050d0000, 0x05150000, 0x05150000)
  to   space 512K,   0% used [0x05050000, 0x05050000, 0x050d0000)
 tenured generation   total 10944K, used 977K [0x0a150000, 0x0ac00000, 0x14c00000)
   the space 10944K,   8% used [0x0a150000, 0x0a244690, 0x0a244800, 0x0ac00000)
 Metaspace       used 6730K, capacity 6920K, committed 7040K, reserved 7552K
}

Deoptimization events (0 events):
No events

Internal exceptions (10 events):
Event: 0.078 Thread 0x02aac000 Exception <a 'java/security/PrivilegedActionException'> (0x04c91330) thrown at [C:\ade\jenkins\workspace\8-2-build-owindows-i586-cygwin\jdk8u41\500\hotspot\src\share\vm\prims\jvm.cpp, line 1382]
Event: 0.078 Thread 0x02aac000 Exception <a 'java/security/PrivilegedActionException'> (0x04c92670) thrown at [C:\ade\jenkins\workspace\8-2-build-owindows-i586-cygwin\jdk8u41\500\hotspot\src\share\vm\prims\jvm.cpp, line 1382]
Event: 0.078 Thread 0x02aac000 Exception <a 'java/security/PrivilegedActionException'> (0x04c92820) thrown at [C:\ade\jenkins\workspace\8-2-build-owindows-i586-cygwin\jdk8u41\500\hotspot\src\share\vm\prims\jvm.cpp, line 1382]
Event: 0.086 Thread 0x02aac000 Exception <a 'java/io/FileNotFoundException'> (0x04c99548) thrown at [C:\ade\jenkins\workspace\8-2-build-owindows-i586-cygwin\jdk8u41\500\hotspot\src\share\vm\prims\jni.cpp, line 709]
Event: 0.086 Thread 0x02aac000 Exception <a 'java/io/FileNotFoundException'> (0x04c99f88) thrown at [C:\ade\jenkins\workspace\8-2-build-owindows-i586-cygwin\jdk8u41\500\hotspot\src\share\vm\prims\jni.cpp, line 709]
Event: 0.100 Thread 0x02aac000 Exception <a 'java/lang/ClassNotFoundException': sun/dc/DuctusRenderingEngine> (0x04cc7308) thrown at [C:\ade\jenkins\workspace\8-2-build-owindows-i586-cygwin\jdk8u41\500\hotspot\src\share\vm\classfile\systemDictionary.cpp, line 210]
Event: 0.117 Thread 0x02aac000 Exception <a 'java/io/FileNotFoundException'> (0x04d01eb8) thrown at [C:\ade\jenkins\workspace\8-2-build-owindows-i586-cygwin\jdk8u41\500\hotspot\src\share\vm\prims\jni.cpp, line 709]
Event: 0.146 Thread 0x02aac000 Exception <a 'java/lang/NoSuchFieldError': method resolution failed> (0x04dc18a0) thrown at [C:\ade\jenkins\workspace\8-2-build-owindows-i586-cygwin\jdk8u41\500\hotspot\src\share\vm\prims\methodHandles.cpp, line 1125]
Event: 0.147 Thread 0x02aac000 Exception <a 'java/lang/NoSuchFieldError': method resolution failed> (0x04dced58) thrown at [C:\ade\jenkins\workspace\8-2-build-owindows-i586-cygwin\jdk8u41\500\hotspot\src\share\vm\prims\methodHandles.cpp, line 1125]
Event: 15.055 Thread 0x1b352400 Exception <a 'java/net/ConnectException': Connection refused: connect> (0x04c54e38) thrown at [C:\ade\jenkins\workspace\8-2-build-owindows-i586-cygwin\jdk8u41\500\hotspot\src\share\vm\prims\jni.cpp, line 735]

Events (10 events):
Event: 18.603 loading class java/util/regex/Pattern$Start
Event: 18.603 loading class java/util/regex/Pattern$Start done
Event: 18.603 loading class java/util/regex/Pattern$TreeInfo
Event: 18.603 loading class java/util/regex/Pattern$TreeInfo done
Event: 18.603 loading class java/util/regex/Matcher
Event: 18.603 loading class javax/swing/text/AbstractDocument$ElementEdit
Event: 18.603 loading class java/util/regex/MatchResult
Event: 18.603 loading class java/util/regex/MatchResult done
Event: 18.603 loading class javax/swing/text/AbstractDocument$ElementEdit done
Event: 18.603 loading class java/util/regex/Matcher done


Dynamic libraries:
0x006c0000 - 0x006f1000 	C:\Program Files (x86)\Java\java-se-8u41-ri\bin\java.exe
0x77db0000 - 0x77f5f000 	C:\WINDOWS\SYSTEM32\ntdll.dll
0x76610000 - 0x76700000 	C:\WINDOWS\System32\KERNEL32.DLL
0x75e70000 - 0x760d8000 	C:\WINDOWS\System32\KERNELBASE.dll
0x682f0000 - 0x68393000 	C:\WINDOWS\SYSTEM32\apphelp.dll
0x75c50000 - 0x75ccc000 	C:\WINDOWS\System32\ADVAPI32.dll
0x76800000 - 0x768c4000 	C:\WINDOWS\System32\msvcrt.dll
0x75de0000 - 0x75e63000 	C:\WINDOWS\System32\sechost.dll
0x76910000 - 0x769c9000 	C:\WINDOWS\System32\RPCRT4.dll
0x76310000 - 0x764b6000 	C:\WINDOWS\System32\USER32.dll
0x75cd0000 - 0x75cea000 	C:\WINDOWS\System32\win32u.dll
0x768e0000 - 0x76902000 	C:\WINDOWS\System32\GDI32.dll
0x76fc0000 - 0x7709d000 	C:\WINDOWS\System32\gdi32full.dll
0x76a40000 - 0x76ab9000 	C:\WINDOWS\System32\msvcp_win.dll
0x771b0000 - 0x772c2000 	C:\WINDOWS\System32\ucrtbase.dll
0x6ac60000 - 0x6ae84000 	C:\WINDOWS\WinSxS\x86_microsoft.windows.common-controls_6595b64144ccf1df_6.0.22581.1_none_a6abc122b24b9d43\COMCTL32.dll
0x77980000 - 0x779a5000 	C:\WINDOWS\System32\IMM32.DLL
0x5c800000 - 0x5c8bf000 	C:\Program Files (x86)\Java\java-se-8u41-ri\jre\bin\msvcr100.dll
0x5a330000 - 0x5a6b3000 	C:\Program Files (x86)\Java\java-se-8u41-ri\jre\bin\client\jvm.dll
0x75cf0000 - 0x75cf6000 	C:\WINDOWS\System32\PSAPI.DLL
0x67150000 - 0x67158000 	C:\WINDOWS\SYSTEM32\WSOCK32.dll
0x757b0000 - 0x757b8000 	C:\WINDOWS\SYSTEM32\VERSION.dll
0x75a40000 - 0x75a71000 	C:\WINDOWS\SYSTEM32\WINMM.dll
0x779b0000 - 0x77a0f000 	C:\WINDOWS\System32\WS2_32.dll
0x66fb0000 - 0x66fbc000 	C:\Program Files (x86)\Java\java-se-8u41-ri\jre\bin\verify.dll
0x66f80000 - 0x66fa1000 	C:\Program Files (x86)\Java\java-se-8u41-ri\jre\bin\java.dll
0x66f10000 - 0x66f23000 	C:\Program Files (x86)\Java\java-se-8u41-ri\jre\bin\zip.dll
0x77330000 - 0x77978000 	C:\WINDOWS\System32\SHELL32.dll
0x72780000 - 0x72e3b000 	C:\WINDOWS\SYSTEM32\windows.storage.dll
0x77b20000 - 0x77d9b000 	C:\WINDOWS\System32\combase.dll
0x726b0000 - 0x72776000 	C:\WINDOWS\SYSTEM32\wintypes.dll
0x76f00000 - 0x76fc0000 	C:\WINDOWS\System32\SHCORE.dll
0x770a0000 - 0x770eb000 	C:\WINDOWS\System32\shlwapi.dll
0x75830000 - 0x75849000 	C:\WINDOWS\SYSTEM32\profapi.dll
0x5a7e0000 - 0x5a924000 	C:\Program Files (x86)\Java\java-se-8u41-ri\jre\bin\awt.dll
0x76760000 - 0x767fc000 	C:\WINDOWS\System32\OLEAUT32.dll
0x6b1e0000 - 0x6b204000 	C:\WINDOWS\system32\DWMAPI.DLL
0x6e860000 - 0x6e8df000 	C:\WINDOWS\system32\uxtheme.dll
0x75d00000 - 0x75dda000 	C:\WINDOWS\System32\MSCTF.dll
0x75b00000 - 0x75c4d000 	C:\WINDOWS\System32\ole32.dll
0x75aa0000 - 0x75ab3000 	C:\WINDOWS\SYSTEM32\kernel.appcore.dll
0x769d0000 - 0x76a32000 	C:\WINDOWS\System32\bcryptPrimitives.dll
0x6b060000 - 0x6b1d1000 	C:\WINDOWS\system32\d3d9.dll
0x6b030000 - 0x6b05d000 	C:\WINDOWS\SYSTEM32\dxcore.dll
0x6aec0000 - 0x6b027000 	C:\WINDOWS\System32\DriverStore\FileRepository\u0374599.inf_amd64_aba9a4d013a9d4c8\B374495\aticfx32.dll
0x6ae90000 - 0x6aeba000 	C:\WINDOWS\System32\DriverStore\FileRepository\u0374599.inf_amd64_aba9a4d013a9d4c8\B374495\atiu9pag.dll
0x6a1a0000 - 0x6ac5c000 	C:\WINDOWS\System32\DriverStore\FileRepository\u0374599.inf_amd64_aba9a4d013a9d4c8\B374495\atiumdag.dll
0x6f860000 - 0x6fa32000 	C:\WINDOWS\SYSTEM32\dbghelp.dll
0x6f160000 - 0x6f189000 	C:\WINDOWS\SYSTEM32\dbgcore.DLL
0x693d0000 - 0x6a166000 	C:\WINDOWS\System32\DriverStore\FileRepository\u0374599.inf_amd64_aba9a4d013a9d4c8\B374495\atiumdva.dll
0x69380000 - 0x693c5000 	C:\WINDOWS\SYSTEM32\POWRPROF.dll
0x6e7b0000 - 0x6e7be000 	C:\WINDOWS\SYSTEM32\UMPDC.dll
0x69350000 - 0x69377000 	C:\WINDOWS\SYSTEM32\amdihk32.dll
0x69310000 - 0x69349000 	C:\WINDOWS\SYSTEM32\directxdatabasehelper.dll
0x1b730000 - 0x1b79a000 	C:\Program Files (x86)\Java\java-se-8u41-ri\jre\bin\freetype.dll
0x66eb0000 - 0x66eeb000 	C:\Program Files (x86)\Java\java-se-8u41-ri\jre\bin\fontmanager.dll
0x66ef0000 - 0x66f05000 	C:\Program Files (x86)\Java\java-se-8u41-ri\jre\bin\net.dll
0x71310000 - 0x71361000 	C:\WINDOWS\system32\mswsock.dll
0x66f70000 - 0x66f7f000 	C:\Program Files (x86)\Java\java-se-8u41-ri\jre\bin\nio.dll
0x76580000 - 0x76602000 	C:\WINDOWS\System32\clbcatq.dll
0x6b210000 - 0x6b370000 	C:\WINDOWS\SYSTEM32\WindowsCodecs.dll
0x69190000 - 0x691dc000 	C:\WINDOWS\system32\dataexchange.dll
0x6b690000 - 0x6b860000 	C:\WINDOWS\system32\twinapi.appcore.dll
0x690a0000 - 0x69182000 	C:\WINDOWS\SYSTEM32\textinputframework.dll
0x658d0000 - 0x6599d000 	C:\WINDOWS\SYSTEM32\CoreMessaging.dll
0x5cca0000 - 0x5cf30000 	C:\WINDOWS\SYSTEM32\CoreUIComponents.dll
0x75730000 - 0x7573b000 	C:\WINDOWS\SYSTEM32\CRYPTBASE.DLL
0x713b0000 - 0x71469000 	C:\WINDOWS\SYSTEM32\DNSAPI.dll
0x75680000 - 0x756a4000 	C:\WINDOWS\SYSTEM32\IPHLPAPI.DLL
0x771a0000 - 0x771a7000 	C:\WINDOWS\System32\NSI.dll
0x6ef60000 - 0x6ef68000 	C:\Windows\System32\rasadhlp.dll
0x6edb0000 - 0x6ee0d000 	C:\WINDOWS\System32\fwpuclnt.dll

VM Arguments:
jvm_args: -Dfile.encoding=UTF-8 
java_command: sockets.Main
java_class_path (initial): C:\Users\pedro\Documents\NetBeansProjects\Sockets\build\classes
Launcher Type: SUN_STANDARD

Environment Variables:
JAVA_HOME=C:\Program Files\OpenJDK\openjdk-11.0.14.1_1
PATH=C:\Program Files (x86)\Common Files\Oracle\Java\javapath;C:\Windows\system32;C:\Windows;C:\Windows\System32\Wbem;C:\Windows\System32\WindowsPowerShell\v1.0\;C:\Windows\System32\OpenSSH\;C:\Program Files\Microsoft SQL Server\150\Tools\Binn\;C:\Program Files\Microsoft SQL Server\Client SDK\ODBC\170\Tools\Binn\;C:\Program Files\Git\cmd;C:\Program Files (x86)\Microsoft SQL Server\150\Tools\Binn\;C:\Program Files\Microsoft SQL Server\150\DTS\Binn\;C:\Program Files\dotnet\;C:\Program Files\Microsoft SQL Server\130\Tools\Binn\;C:\ProgramData\chocolatey\bin;C:\Program Files\nodejs\;C:\Program Files\OpenJDK\openjdk-11.0.14.1_1\bin;C:\Users\Pedro\AppData\Local\Android\SDK\platform-tools;C:\Users\Pedro\AppData\Local\Android\SDK\emulator;;%SystemRoot%\system32;%SystemRoot%;%SystemRoot%\System32\Wbem;%SYSTEMROOT%\System32\WindowsPowerShell\v1.0\;%SYSTEMROOT%\System32\OpenSSH\;C:\Program Files\MySQL\MySQL Shell 8.0\bin\;C:\Users\pedro\AppData\Local\Microsoft\WindowsApps;;C:\Users\pedro\AppData\Local\Programs\Microsoft VS Code\bin;C:\Program Files\heroku\bin;C:\Users\pedro\.dotnet\tools;C:\Users\pedro\AppData\Roaming\npm
USERNAME=pedro
OS=Windows_NT
PROCESSOR_IDENTIFIER=AMD64 Family 23 Model 104 Stepping 1, AuthenticAMD



---------------  S Y S T E M  ---------------

OS: Windows 10.0 , 64 bit Build 22581 (10.0.22581.1)

CPU:total 12 (12 cores per cpu, 1 threads per core) family 23 model 104 stepping 1, cmov, cx8, fxsr, mmx, sse, sse2, sse3, ssse3, sse4.1, sse4.2, popcnt, avx, avx2, aes, clmul, mmxext, 3dnowpref, lzcnt, sse4a, tsc, tscinvbit, tscinv, bmi1

Memory: 4k page, physical 6149880k(779172k free), swap 23975672k(7612272k free)

vm_info: OpenJDK Client VM (25.40-b25) for windows-x86 JRE (1.8.0_41-b04), built on Jan 15 2020 07:02:01 by "rejava" with MS VC++ 10.0 (VS2010)

time: Thu May 19 12:35:33 2022
elapsed time: 18 seconds (0d 0h 0m 18s)

